<?xml version="1.0" encoding="UTF-8"?>
<testng-results ignored="0" total="2" passed="2" failed="0" skipped="0">
  <reporter-output>
  </reporter-output>
  <suite started-at="2025-08-22T00:10:14 IST" name="Suite" finished-at="2025-08-22T00:10:46 IST" duration-ms="32553">
    <groups>
      <group name="regression">
        <method signature="TC02_LoginTest.Verify_login()[pri:0, instance:testCases.TC02_LoginTest@72d1ad2e]" name="Verify_login" class="testCases.TC02_LoginTest"/>
      </group> <!-- regression -->
      <group name="sanity">
        <method signature="TC01_AccountRegistrationTest.verify_account_registration()[pri:0, instance:testCases.TC01_AccountRegistrationTest@6ae5aa72]" name="verify_account_registration" class="testCases.TC01_AccountRegistrationTest"/>
      </group> <!-- sanity -->
      <group name="master">
        <method signature="TC01_AccountRegistrationTest.verify_account_registration()[pri:0, instance:testCases.TC01_AccountRegistrationTest@6ae5aa72]" name="verify_account_registration" class="testCases.TC01_AccountRegistrationTest"/>
        <method signature="TC02_LoginTest.Verify_login()[pri:0, instance:testCases.TC02_LoginTest@72d1ad2e]" name="Verify_login" class="testCases.TC02_LoginTest"/>
      </group> <!-- master -->
    </groups>
    <test started-at="2025-08-22T00:10:14 IST" name="Test" finished-at="2025-08-22T00:10:46 IST" duration-ms="32553">
      <class name="testCases.TC01_AccountRegistrationTest">
        <test-method is-config="true" signature="setup(java.lang.String,java.lang.String)[pri:0, instance:testCases.TC01_AccountRegistrationTest@6ae5aa72]" started-at="2025-08-22T00:10:14 IST" name="setup" finished-at="2025-08-22T00:10:27 IST" duration-ms="12804" status="PASS">
          <params>
            <param index="0">
              <value>
                <![CDATA[windows]]>
              </value>
            </param>
            <param index="1">
              <value>
                <![CDATA[chrome]]>
              </value>
            </param>
          </params>
          <reporter-output>
          </reporter-output>
        </test-method> <!-- setup -->
        <test-method signature="verify_account_registration()[pri:0, instance:testCases.TC01_AccountRegistrationTest@6ae5aa72]" started-at="2025-08-22T00:10:27 IST" name="verify_account_registration" finished-at="2025-08-22T00:10:35 IST" duration-ms="7512" status="PASS">
          <reporter-output>
          </reporter-output>
        </test-method> <!-- verify_account_registration -->
        <test-method is-config="true" signature="teardown()[pri:0, instance:testCases.TC01_AccountRegistrationTest@6ae5aa72]" started-at="2025-08-22T00:10:35 IST" name="teardown" finished-at="2025-08-22T00:10:35 IST" duration-ms="195" status="PASS">
          <reporter-output>
          </reporter-output>
        </test-method> <!-- teardown -->
      </class> <!-- testCases.TC01_AccountRegistrationTest -->
      <class name="testCases.TC02_LoginTest">
        <test-method is-config="true" signature="setup(java.lang.String,java.lang.String)[pri:0, instance:testCases.TC02_LoginTest@72d1ad2e]" started-at="2025-08-22T00:10:35 IST" name="setup" finished-at="2025-08-22T00:10:44 IST" duration-ms="8637" status="PASS">
          <params>
            <param index="0">
              <value>
                <![CDATA[windows]]>
              </value>
            </param>
            <param index="1">
              <value>
                <![CDATA[chrome]]>
              </value>
            </param>
          </params>
          <reporter-output>
          </reporter-output>
        </test-method> <!-- setup -->
        <test-method signature="Verify_login()[pri:0, instance:testCases.TC02_LoginTest@72d1ad2e]" started-at="2025-08-22T00:10:44 IST" name="Verify_login" finished-at="2025-08-22T00:10:46 IST" duration-ms="2447" status="PASS">
          <reporter-output>
          </reporter-output>
        </test-method> <!-- Verify_login -->
        <test-method is-config="true" signature="teardown()[pri:0, instance:testCases.TC02_LoginTest@72d1ad2e]" started-at="2025-08-22T00:10:46 IST" name="teardown" finished-at="2025-08-22T00:10:46 IST" duration-ms="192" status="PASS">
          <reporter-output>
          </reporter-output>
        </test-method> <!-- teardown -->
      </class> <!-- testCases.TC02_LoginTest -->
    </test> <!-- Test -->
  </suite> <!-- Suite -->
</testng-results>
