<?xml version="1.0" encoding="UTF-8"?>
<testng-results ignored="0" total="2" passed="2" failed="0" skipped="0">
  <reporter-output>
  </reporter-output>
  <suite started-at="2025-08-21T20:16:21 IST" name="Suite" finished-at="2025-08-21T20:16:48 IST" duration-ms="26154">
    <groups>
      <group name="regression">
        <method signature="TC02_LoginTest.Verify_login()[pri:0, instance:testCases.TC02_LoginTest@68c9133c]" name="Verify_login" class="testCases.TC02_LoginTest"/>
      </group> <!-- regression -->
      <group name="sanity">
        <method signature="TC01_AccountRegistrationTest.verify_account_registration()[pri:0, instance:testCases.TC01_AccountRegistrationTest@72035809]" name="verify_account_registration" class="testCases.TC01_AccountRegistrationTest"/>
      </group> <!-- sanity -->
      <group name="master">
        <method signature="TC01_AccountRegistrationTest.verify_account_registration()[pri:0, instance:testCases.TC01_AccountRegistrationTest@72035809]" name="verify_account_registration" class="testCases.TC01_AccountRegistrationTest"/>
        <method signature="TC02_LoginTest.Verify_login()[pri:0, instance:testCases.TC02_LoginTest@68c9133c]" name="Verify_login" class="testCases.TC02_LoginTest"/>
      </group> <!-- master -->
    </groups>
    <test started-at="2025-08-21T20:16:21 IST" name="Test" finished-at="2025-08-21T20:16:48 IST" duration-ms="26154">
      <class name="testCases.TC01_AccountRegistrationTest">
        <test-method is-config="true" signature="setup(java.lang.String,java.lang.String)[pri:0, instance:testCases.TC01_AccountRegistrationTest@72035809]" started-at="2025-08-21T20:16:22 IST" name="setup" finished-at="2025-08-21T20:16:31 IST" duration-ms="8967" status="PASS">
          <params>
            <param index="0">
              <value>
                <![CDATA[windows]]>
              </value>
            </param>
            <param index="1">
              <value>
                <![CDATA[chrome]]>
              </value>
            </param>
          </params>
          <reporter-output>
          </reporter-output>
        </test-method> <!-- setup -->
        <test-method signature="verify_account_registration()[pri:0, instance:testCases.TC01_AccountRegistrationTest@72035809]" started-at="2025-08-21T20:16:31 IST" name="verify_account_registration" finished-at="2025-08-21T20:16:38 IST" duration-ms="6817" status="PASS">
          <reporter-output>
          </reporter-output>
        </test-method> <!-- verify_account_registration -->
        <test-method is-config="true" signature="teardown()[pri:0, instance:testCases.TC01_AccountRegistrationTest@72035809]" started-at="2025-08-21T20:16:38 IST" name="teardown" finished-at="2025-08-21T20:16:38 IST" duration-ms="197" status="PASS">
          <reporter-output>
          </reporter-output>
        </test-method> <!-- teardown -->
      </class> <!-- testCases.TC01_AccountRegistrationTest -->
      <class name="testCases.TC02_LoginTest">
        <test-method is-config="true" signature="setup(java.lang.String,java.lang.String)[pri:0, instance:testCases.TC02_LoginTest@68c9133c]" started-at="2025-08-21T20:16:38 IST" name="setup" finished-at="2025-08-21T20:16:45 IST" duration-ms="7612" status="PASS">
          <params>
            <param index="0">
              <value>
                <![CDATA[windows]]>
              </value>
            </param>
            <param index="1">
              <value>
                <![CDATA[chrome]]>
              </value>
            </param>
          </params>
          <reporter-output>
          </reporter-output>
        </test-method> <!-- setup -->
        <test-method signature="Verify_login()[pri:0, instance:testCases.TC02_LoginTest@68c9133c]" started-at="2025-08-21T20:16:45 IST" name="Verify_login" finished-at="2025-08-21T20:16:47 IST" duration-ms="1951" status="PASS">
          <reporter-output>
          </reporter-output>
        </test-method> <!-- Verify_login -->
        <test-method is-config="true" signature="teardown()[pri:0, instance:testCases.TC02_LoginTest@68c9133c]" started-at="2025-08-21T20:16:47 IST" name="teardown" finished-at="2025-08-21T20:16:48 IST" duration-ms="173" status="PASS">
          <reporter-output>
          </reporter-output>
        </test-method> <!-- teardown -->
      </class> <!-- testCases.TC02_LoginTest -->
    </test> <!-- Test -->
  </suite> <!-- Suite -->
</testng-results>
